[  000000]nializg rop suyspuse
[  0.000000] Initializing cgroup subsys cpu
[    0.000000] Initializing cgroup subsys cpuacct
[    0.000000] Linux version 4.4.0-142-generic (buildd@lgw01-amd64-033) (gcc version 5.4.0 20160609 (Ubuntu 5.4.0-6ubuntu1~16.04.10) ) #168-Ubuntu SMP Wed Jan 16 21:00:45 UTC 2019 (Ubuntu 4.4.0-142.168-generic 4.4.167)
[    0.000000] Command line: BOOT_IMAGE=/boot/vmlinuz-4.4.0-142-generic root=LABEL=cloudimg-rootfs ro console=tty1 console=ttyS0
[    0.000000] KERNEL supported cpus:
[    0.000000]   Intel GenuineIntel
[    0.000000]   AMD AuthenticAMD
[    0.000000]   Centaur CentaurHauls
[    0.000000] x86/fpu: xstate_offset[2]:  576, xstate_sizes[2]:  256
[    0.000000] x86/fpu: Supporting XSAVE feature 0x01: 'x87 floating point registers'
[    0.000000] x86/fpu: Supporting XSAVE feature 0x02: 'SSE registers'
[    0.000000] x86/fpu: Supporting XSAVE feature 0x04: 'AVX registers'
[    0.000000] x86/fpu: Enabled xstate features 0x7, context size is 832 bytes, using 'standard' format.
[    0.000000] e820: BIOS-provided physical RAM map:
[    0.000000] BIOS-e820: [mem 0x0000000000000000-0x000000000009fbff] usable
[    0.000000] BIOS-e820: [mem 0x000000000009fc00-0x000000000009ffff] reserved
[    0.000000] BIOS-e820: [mem 0x00000000000f0000-0x00000000000fffff] reserved
[    0.000000] BIOS-e820: [mem 0x0000000000100000-0x000000003ffeffff] usable
[    0.000000] BIOS-e820: [mem 0x000000003fff0000-0x000000003fffffff] ACPI data
[    0.000000] BIOS-e820: [mem 0x00000000fec00000x00000fec00fff] reserved
[    0.000000] BIOS-e820: [mem 0x00000000fee00000-0x00000000fee00fff] reserved
[    0.000000] BIOS-e820: [mem 0x00000000fffc0000-0x00000000ffffffff] reserved
[    0.000000] NX (Execute Disable) protection: active
[    0.000000] SMBIOS 2.5 present.
[    0.000000] Hypervisor detected: KVM
[    0.000000] e820: last_pfn = 0x3fff0 max_arch_pfn = 0x400000000
[    0.000000] MTRR: Disabled
[    0.000000] x86/PAT: MTRRs disabled, skipping PAT initialization too.
[    0.000000] CPU MTRRs all blank - virtualized system.
[    0.000000] x86/PAT: Configuration [0-7]: WB  WT  UC- UC  WB  WT  UC- UC  
[    0.000000] found SMP MP-table at [mem 0x0009fff0-0x0009ffff] mapped at [ffff88000009fff0]
[    0.000000] Scanning 1 are forow meor corruio
[  00000 RAMDISK: [mem 0x3630a000-0x3717cfff]
[    0.000000] ACPI: Early table checksum verification disabled
[    0.000000] ACPI: RSDP 0x00000000000E0000 000024 (v02 VBOX  )
[    0.000000] ACPI: XSDT 0x000000003FFF0030 00003C (v01 VBOX   VBOXXSDT 00000001 ASL  00000061)
[    0.000000] ACPI: FACP 0x000000003FFF00F0 0000F4 (v04 VBOX   VBOXFACP 00000001 ASL  00000061)
[    0.000000] ACPI: DSDT 0x000000003FFF0470 0021FF (v02 VBOX   VBOXBIOS 00000002 INTL 20160831)
[    0.000000] ACPI: FACS 0x000000003FFF0200 000040
[    0.000000] ACPI: FACS 0x000000003FFF0200 000040
[    0.000000] ACPI: APIC 0x000000003FFF0240 00005C (v02 VBOX   VBOXAPIC 000001 ASL  00000061)
[    0.000000] ACPI: SSDT 0x000000003FFF02A0 0001CC (v01 VBOX   VBOXCPUT 00000002 INTL 20160831)
[    0.000000] No NUMA configuration found
[    0.000000] Faking a node at [mem 0x0000000000000000-0x000000003ffeffff]
[    0.000000] NODE_DATA(0) allocated [mem 0x3ffeb000-0x3ffeffff]
[    0.000000] kvm-clock: Using msrs 4b564d01 and 4b564d00
[    0.000000] kvm-clock: cpu 0, msr 0:3ffe3001, primary cpu clock
[    0.000000] kvm-cckusin sch ofsetf 897695cyes
  .00000] clocksource: kvm-clock: mask: 0xfffffffffffffff max_cycles: 0x1cd42e4dffb, max_idle_ns: 881590591483 ns
[    0.000000] Zone ranges:
[    0.000000]   DMA      [mem 0x0000000000001000-0x0000000000ffffff]
[    0.000000]   DMA32    [mem 0x00000000000x0000003fff]
[  00000] Nmal emp
[    0.000000]   Device   empty
[    0.000000] Movable zone start for each node
[    0.000000] Early memory node ranges
[    0.000000]   node   0: [mem 0x0000000000001000-0x000000000009efff]
[    0.000000]   node   0: [mem 0x0000000000100000-0x000000003ffeffff]
[    0.000000] Initmem setup node 0 [mem 0x0000000000001000-0x000000003ffeffff]
[    0.000000] ACPI: PM-Timer IO Port: 0x4008
[    0.000000] IOAPIC[0]: apic_id 2, version 32, address 0xfec00000, GSI 0-23
[    0.000000] ACPI: INT_SRC_OVR (bus 0 bus_irq 0 global_irq 2 dfl dfl)
[    0.000000] ACPI: INT_SRC_OVR (bus 0 bus_irq 9 global_irq 9 low level)
[    0.000000] Using ACPI (MADT) for SMP configuration information
[    0.000000] smpboot: Allowing 2 CPUs, 0 hotplug CPUs
[    0.000000] PM:Rester nave mory: [mem 0x00000000-0x00000fff]
[    0.0000] PM: Registered nosave memory: [mem 0x0009f000-0x0009ffff]
[    0.000000] PM: Registered nosave memory: [mem 0x000a0000-0x000effff]
[    0.000000] PM: Registered nosave memory: [mem 0x000f0000-0x000fffff]
[    0.000000] e820: [mem 0x40000000-0xfebfffff] available forPCdeices[   0.0000 Booting paravirtualized kneon K
   0.0000 cocksource:refined-jiffies: mask: 0xffffffff max_cycles: 0xffffffff, max_idle_ns: 7645519600211568 ns
[    0.000000] setup_percpu: NR_CPUS:512 nr_cpumask_bits:512 nr_cpu_ids:2 nr_node_ids:1
[    0.000000] PERCPU: Embedded 34 pages/cpu @ffff88003fc00000 s99480 r8192 d31592 u1048576
[    0.000000] Built 1 zonelists in Node order, mobility grouping on.  Total pages: 257912
[    0.000000] Policy zone: DMA32
[    0.000000] Kernel command line: BOOT_IMAGE=/boot/vmlinuz-4.4.0-142-generic root=LABEL=cloudimg-rootfs ro console=tty1 console=ttyS0
[    0.000000] PID hash table entries: 4096 (order: 3, 32768 bytes)
[    0.000000] Memory: 997736K/1048120K available (8603K kernel code, 1332K rwdata, 4004K rodata, 1484K init, 1316K bss, 50384K reserved, 0K cma-reserved)
[    0.000000] SLUB: HWalign=64, Order=0-3, MinObjects=0, CPUs=2, Nodes=1
[    0.000000] Kernel/User page tables isolation: enabled
[    0.000000] Hierarchical RCU implementation.
[    0.000000] 	Build-time adjustment of leaf fanout to 64.
[    0.000000] 	RCU restricting CPUs from NR_CPUS=512 to nr_cpu_ids=2.
[    0.000000] RCU: Adjusting geometry for rcu_fanout_leaf=64, nr_cpu_ids=2
[    0.000000] NR_IRQS:33024 nr_irqs:440 16
[    0.000000] Console: colour VGA+ 80x25
[    0.000000] console [tty1] enabled
[    0.000000] console [ttyS0] enabled
[    0.000000] tsc: Detected 3192.020 MHz processor
[    1.992881] Calibrating delay loop (skipped) preset value.. 6384.04 BogoMIPS (lpj=12768080)
[    1.994123] pid_max: default: 32768 minimum: 301
[    1.994739] ACPI: Core revision 20150930
[    2.014416] ACPI: 2 ACPI AML tables successfully acquired and loaded
[    2.015328] Security Framework initialized
[    2.017036] Yama: becoming mindful.
[    2.017597] AppArmor: AppArmor initialized
[    2.018283] Dentry cache hash table entries: 131072 (order: 8, 1048576 bytes)
[    2.019896] Inode-cache hash table entries: 65536 (order: 7, 524288 bytes)
[    2.020908] Mount-cache hash table entries: 2048 (order: 2, 16384 bytes)
[    2.021749] Mountpoint-cache hash table entries: 2048 (order: 2, 16384 bytes)
[    2.022734] Initializing cgroup subsys io
[    2.023397] Initializing cgroup subsys memory
[    2.029378] Initializing cgroup subsys devices
[    2.029998] Initializing cgroup subsys freezer
[    2.030643] Initializing cgroup subsys net_cls
[    2.031259] Initializing cgroup subsys perf_event
[    2.031898] Initializing cgroup subsys net_prio
[    2.032571] Initializing cgroup subsys hugetlb
[    2.033170] Initializing cgroup subsys pids
[    2.034867] mce: CPU supports 0 MCE banks
[    2.035868] Last level iTLB entries: 4KB 128, 2MB 8, 4MB 8
[    2.036640] Last level dTLB entries: 4KB 64, 2MB 0, 4MB 0, 1GB 4
[    2.040658] Spectre V2 : Mitigation: Full generic retpoline
[    2.046603] Spectre V2 : Spectre v2 / SpectreRSB mitigation: Filling RSB on context switch
[    2.049138] Speculative Store Bypass: Vulnerable
[    2.052158] Freeing SMP alternatives memory: 32K
[    2.057320] ftrace: allocating 32277 entries in 127 pages
[    2.120174] smpboot: APIC(0) Converting physical 0 to logical package 0
[    2.148457] smpboot: Max logical packages: 1
[    2.149344] x2apic enabled
[    2.149966] Switched APIC routing to physical x2apic.
[    2.151590] ..TIMER: vector=0x30 apic1=0 pin1=2 apic2=-1 pin2=-1
[    2.260003] smpboot: CPU0: Intel(R) Core(TM) i5-6500 CPU @ 3.20GHz (family: 0x6, model: 0x5e, stepping: 0x3)
[    2.277458] Performance Events: unsupported p6 CPU model 94 no PMU driver, software events only.
[    2.319341] KVM setup paravirtual spinlock
[    2.325969] x86: Booting SMP configuration:
[    2.356598] .... node  #0, CPUs:      #1
[    2.357348] kvm-clock: cpu 1, msr 0:3ffe3041, secondary cpu clock
[    2.358868] mce: CPU supports 0 MCE banks
[    2.361213] x86: Booted up 1 node, 2 CPUs
[    2.372632] smpboot: Total of 2 processors activated (12768.08 BogoMIPS)
[    2.374010] devtmpfs: initialized
[    2.375721] evm: security.selinux
[    2.376278] evm: security.SMACK64
[    2.376775] evm: security.SMACK64EXEC
[    2.377326] evm: security.SMACK64TRANSMUTE
[    2.377928] evm: security.SMACK64MMAP
[    2.395581] evm: security.ima
[    2.444969] evm: security.capability
[    2.445793] clocksource: jiffies: mask: 0xffffffff max_cycles: 0xffffffff, max_idle_ns: 7645041785100000 ns
[    2.447060] futex hash table entries: 512 (order: 3, 32768 bytes)
[    2.447996] pinctrl core: initialized pinctrl subsystem
[    2.448842] RTC time: 10:45:52, date: 03/02/19
[    2.449631] NET: Registered protocol family 16
[    2.460202] cpuidle: using governor ladder
[    2.592183] cpuidle: using governor menu
[    2.708804] PCCT header not found.
[    2.741219] ACPI: bus type PCI registered
[    2.741946] acpiphp: ACPI Hot Plug PCI Controller Driver version: 0.5
[    2.843620] PCI: Using configuration type 1 for base access
[    3.004784] ACPI: Added _OSI(Module Device)
[    3.122623] ACPI: Added _OSI(Processor Device)
[    3.163088] ACPI: Added _OSI(3.0 _SCP Extensions)
[    3.169626] ACPI: Added _OSI(Processor Aggregator Device)
[    3.200292] ACPI: Executed 1 blocks of module-level executable AML code
[    3.202912] ACPI: Interpreter enabled
[    3.216421] ACPI: (supports S0 S5)
[    3.229749] ACPI: Using IOAPIC for interrupt routing
[    3.373623] PCI: Using host bridge windows from ACPI; if necessary, use "pci=nocrs" and report a bug
[    3.401316] ACPI: PCI Root Bridge [PCI0] (domain 0000 [bus 00-ff])
[    3.573690] acpi PNP0A03:00: _OSC: OS supports [ASPM ClockPM Segments MSI]
[    3.604831] acpi PNP0A03:00: _OSC: not requesting OS control; OS requires [ExtendedConfig ASPM ClockPM MSI]
[    3.666970] acpi PNP0A03:00: fail to add MMCONFIG information, can't access extended PCI configuration space under this bridge.
[    3.668956] PCI host bridge to bus 0000:00
[    3.669684] pci_bus 0000:00: root bus resource [io  0x0000-0x0cf7 window]
[    3.748216] pci_bus 0000:00: root bus resource [io  0x0d00-0xffff window]
[    3.749121] pci_bus 0000:00: root bus resource [mem 0x000a0000-0x000bffff window]
[    3.788367] pci_bus 0000:00: root bus resource [mem 0x40000000-0xfdffffff window]
[    3.789539] pci_bus 0000:00: root bus resource [bus 00-ff]
[    3.791493] pci 0000:00:01.1: legacy IDE quirk: reg 0x10: [io  0x01f0-0x01f7]
[    3.848894] pci 0000:00:01.1: legacy IDE quirk: reg 0x14: [io  0x03f6]
[    3.876451] pci 0000:00:01.1: legacy IDE quirk: reg 0x18: [io  0x0170-0x0177]
[    3.920546] pci 0000:00:01.1: legacy IDE quirk: reg 0x1c: [io  0x0376]
[    3.993082] pci 0000:00:07.0: quirk: [io  0x4000-0x403f] claimed by PIIX4 ACPI
[    4.210752] pci 0000:00:07.0: quirk: [io  0x4100-0x410f] claimed by PIIX4 SMB
[    4.255131] ACPI: PCI Interrupt Link [LNKA] (IRQs 5 9 10 *11)
[    4.262429] ACPI: PCI Interrupt Link [LNKB] (IRQs 5 9 *10 11)
[    4.264772] ACPI: PCI Interrupt Link [LNKC] (IRQs 5 *9 10 11)
[    4.384430] ACPI: PCI Interrupt Link [LNKD] (IRQs 5 9 10 *11)
[    4.536527] ACPI: Enabled 2 GPEs in block 00 to 07
[    4.562093] vgaarb: setting as boot device: PCI:0000:00:02.0
[    4.562815] vgaarb: device added: PCI:0000:00:02.0,decodes=io+mem,owns=io+mem,locks=none
[    4.563966] vgaarb: loaded
[    4.564408] vgaarb: bridge control possible 0000:00:02.0
[    4.611004] SCSI subsystem initialized
[    4.703807] ACPI: bus type USB registered
[    4.821986] usbcore: registered new interface driver usbfs
[    4.983374] usbcore: registered new interface driver hub
[    5.127924] usbcore: registered new device driver usb
[    5.278753] PCI: Using ACPI for IRQ routing
[    5.315257] NetLabel: Initializing
[    5.321054] NetLabel:  domain hash size = 128
[    5.328071] NetLabel:  protocols = UNLABELED CIPSOv4
[    5.335125] NetLabel:  unlabeled traffic allowed by default
[    5.336087] amd_nb: Cannot enumerate AMD northbridges
[    5.336836] clocksource: Switched to clocksource kvm-clock
[    5.34319 AArr:ppmoFisyst Ebl
  5.14] p:nPAC int
[  6.158541] pnp: PnP ACPI: found 3 devices

[    6.212376] clocksource: acpi_pm: mask: 0xffffff max_cycles: 0xffffff, max_idle_ns: 2085701024 ns
[    6.213838] NET: Registered protocol family 2
[    6.214594] TCP established hash table entries: 8192 (order: 4, 65536 bytes)
[    6.215491] TCP bind hash table entries: 8192 (order: 5, 131072 bytes)
[    6.220969] TCP: Hash tables configured (established 8192 bind 8192)
[    6.221858] UDP hash table entries: 512 (order: 2, 16384 bytes)
[    6.222634] UDP-Lite hash table entries: 512 (order: 2, 16384 bytes)
[    6.223524] NET: Registered protocol family 1
[    6.224181] pci 0000:00:00.0: Limiting direct PCI/PCI transfers
[    6.260826] pci 0000:00:01.0: Activating ISA DMA hang workarounds
[    6.261815] Unpacking initramfs...
[    6.447693] Freeing initrd memory: 14796K
[    6.461032] platform rtc_cmos: registered platform RTC device (no PNP device found)
[    6.462180] Scanning for low memory corruption every 60 seconds
[    6.463410] audit: initializing netlink subsys (disabled)
[    6.464154] audit: type=2000 audit(1551523557.054:1): initialized
[    6.465126] Initialise system trusted keyring
[    6.466166] HugeTLB registered 2 MB page size, pre-allocated 0 pages
[    6.468404] zbud: loaded
[    6.469376] VFS: Disk quotas dquot_6.6.0
[    6.740723] VFS: Dquot-cache hash table entries: 512 (order 0, 4096 bytes)
[    6.761469] squashfs: version 4.0 (2009/01/31) Phillip Lougher
[    6.762502] fuse init (API version 7.23)
[    6.763173] Key type big_key registered
[    6.763813] Allocating IMA MOK and blacklist keyrings.
[    6.765276] Key type asymmetric registered
[    6.765877] Asymmetric key parser 'x509' registered
[    6.766660] Block layer SCSI generic (bsg) driver version 0.4 loaded (major 249)
[    6.767768] io scheduler noop registered
[    6.768356] io scheduler deadline registered (default)
[    6.769054] io scheduler cfq registered
[    6.769818] pci_hotplug: PCI Hot Plug PCI Core version  0.5
[    6.880728] pciehp: PCI Express Hot Plug Controller Driver version: 0.4
[    6.971343] ACPI: AC Adapter [AC] (on-line)
[    6.971975] input: Power Button as /devices/LNXSYSTM:00/LNXPWRBN:00/input/input0
[    6.973019] ACPI: Power Button [PWRF]
[    7.120758] input: Sleep Button as /devices/LNXSYSTM:00/LNXSLPBN:00/input/input1
[    7.154415] ACPI: Sleep Button [SLPF]
[    7.155198] GHES: HEST is not enabled!
[    7.155835] Serial: 8250/16550 driver, 32 ports, IRQ sharing enabled
[    7.178070] 00:02: ttyS0 at I/O 0x3f8 (irq = 4, base_baud = 115200) is a 16550A
[    7.514138] tsc: Refined TSC clocksource calibration: 3192.396 MHz
[    7.514906] clocksource: tsc: mask: 0xffffffffffffffff max_cycles: 0x2e043adf0a5, max_idle_ns: 440795283632 ns
[    7.517033] Linux agpgart interface v0.103
[    7.519527] loop: module loaded
[    7.601506] scsi host0: ata_piix
[    7.602230] scsi host1: ata_piix
[    7.602766] ata1: PATA max UDMA/33 cmd 0x1f0 ctl 0x3f6 bmdma 0xd000 irq 14
[    7.603673] ata2: PATA max UDMA/33 cmd 0x170 ctl 0x376 bmdma 0xd008 irq 15
[    7.604821] libphy: Fixed MDIO Bus: probed
[    7.605524] tun: Universal TUN/TAP device driver, 1.6
[    7.606280] tun: (C) 1999-2004 Max Krasnyansky <maxk@qualcomm.com>
[    7.607087] PPP generic driver version 2.4.2
[    7.607720] ehci_hcd: USB 2.0 'Enhanced' Host Controller (EHCI) Driver
[    7.608569] ehci-pci: EHCI PCI platform driver
[    7.609300] ehci-platform: EHCI generic platform driver
[    7.610002] ohci_hcd: USB 1.1 'Open' Host Contrlleer (OHCI) Driver
[    7.770838] ohci-pci: OHCI PCI platform driver
[    7.771554] ohci-platform: OHCI generic platform driver
[    7.772310] uhci_hcd: USB Universal Host Controller Interface driver
[    7.851056] i8042: PNP: PS/2 Controller [PNP0303:PS2K,PNP0f03:PS2M] at 0x60,0x64 irq 1,12
[    7.852722] serio: i8042 KBD port at 0x60,0x64 irq 1
[    7.853504] serio: i8042 AUX port at 0x60,0x64 irq 12
[    7.854278] mousedev: PS/2 mouse device common for all mice
[    7.855454] rtc_cmos rtc_cmos: rtc core: registered rtc_cmos as rtc0
[    7.856370] rtc_cmos rtc_cmos: alarms up to one day, 114 bytes nvram
[    7.857232] i2c /dev entries driver
[    7.857895] device-mapper: uevent: version 1.0.3
[    7.858682] input: AT Translated Set 2 keyboard as /devices/platform/i8042/serio0/input/input2
[    7.860084] device-mapper: ioctl: 4.34.0-ioctl (2015-10-28) initialised: dm-devel@redhat.com
[    7.901410] ledtrig-cpu: registered to indicate activity on CPUs
[    7.903202] NET: Registered protocol family 10
[    7.941091] NET: Registered protocol family 17
[    7.941800] Key type dns_resolver registered
[    7.942591] registered taskstats version 1
[    7.943226] Loading compiled-in X.509 certificates
[    7.944423] Loaded X.509 cert 'Build time autogenerated kernel key: bf773e56bc0efa7435b2a24f5427674623f1be80'
[    8.031176] zswap: loaded using pool lzo/zbud
[    8.033358] Key type trusted registered
[    8.253506] Key type encrypted registered
[    8.430673] AppArmor: AppArmor sha1 policy hashing enabled
[    8.499180] ima: No TPM chip found, activating TPM-bypass!
[    8.530703] ima: Allocated hash algorithm: sha1
[    8.551008] evm: HMAC attrs: 0x1
[    8.551788]   Magic number: 11:425:779
[    8.552454] rtc_cmos rtc_cmos: setting system clock to 2019-03-02 10:45:58 UTC (1551523558)
[    8.581157] BIOS EDD facility v0.16 2004-Jun-25, 0 devicssffound
[    8.690625] EDDiinformation not available.
[    8.931958] Freeing unused kernel memory: 1484K
[    8.941026] Write protecting the kernel read-only data: 14336k
[    8.942240] Freeing unused kernel memory: 1624K
[    8.942989] Freeing unused kernel memory: 92K
Loading, please [    8.955242] random: systemd-udevd: uninitialized urandom read (16 bytes read, 5 bits of entropy available)
wait...
starting version 229
[    8.955826] random: udevadm: uninitialized urandom read (16 bytes read, 5 bits of entropy available)
[    8.955856] random: udevadm: uninitialized urandom read (16 bytes read, 5 bits of entropy available)
[    8.962489] random: udevadm: uninitialized urandom read (16 bytes read, 5 bits of entropy available)
[    8.962528] random: udevadm: uninitialized urandom read (16 bytes read, 5 bits of entropy available)
[    8.962666] random: udevadm: uninitialized urandom read (16 bytes read, 5 bits of entropy available)
[    8.962706] random: udevadm: uninitialized urandom read (16 bytes read, 5 bits of entropy available)
[    8.962756] random: udevadm: uninitialized urandom read (16 bytes read, 5 bits of entropy available)
[    8.962795] random: udevadm: uninitialized urandom read (16 bytes read, 5 bits of entropy available)
[    8.962831] random: udevadm: uninitialized urandom read (16 bytes read, 5 bits of entropy available)
[    9.756632] e1000: Intel(R) PRO/1000 Network Driver - version 7.3.21-k8-NAPI
[    9.791158] e1000: Copyright (c) 1999-2006 Intel Corporation.
[    9.796341] Fusion MPT base driver 3.04.20
[    9.796999] Copyright (c) 1999-2008 LSI Corporation
[    9.801582] Fusion MPT SPI Host driver 3.04.20
[   10.005855] input: ImExPS/2 Generic Explorer Mouse as /devices/platform/i8042/serio1/input/input4
[   10.315915] AVX2 version of gcm_enc/dec engaged.
[   10.396442] e1000 0000:00:03.0 eth0: (PCI:33MHz:32-bit) 02:47:ec:b6:72:35
[   10.396446] e1000 0000:00:03.0 eth0: Intel(R) PRO/1000 Network Connection
[   10.581633] e1000 0000:00:03.0 enp0s3: renamed from eth0
[   10.581767] mptbase: ioc0: Initiating bringup
[   10.626874] AES CTR mode by8 optimization enabled
[   10.645253] ioc0: LSI53C1030 A0: Capabilities={Initiator}
[   12.425125] scsi host2: ioc0: LSI53C1030 A0, FwRev=00000000h, Ports=1, MaxQ=256, IRQ=20
[   13.046727] scsi 2:0:0:0: Direct-Access     VBOX     HARDDISK         1.0  PQ: 0 ANSI: 5
[   13.565253] scsi target2:0:0: Beginning Domain Validation
[   13.567836] scsi target2:0:0: Domain Validation skipping write tests
[   13.568747] scsi target2:0:0: Ending Domain Validation
[   13.740814] scsi target2:0:0: asynchronous
[   13.871022] scsi 2:0:1:0: Direct-Access     VBOX     HARDDISK         1.0  PQ: 0 ANSI: 5
[   13.881240] scsi target2:0:1: Beginning Domain Validation
[   13.883231] scsi target2:0:1: Domain Validation skipping write tests
[   13.884163] scsi target2:0:1: Ending Domain Validation
[   13.884934] scsi target2:0:1: asynchronous
[   13.890476] sd 2:0:0:0: [sda] 20971520 512-byte logical blocks: (10.7 GB/10.0 GiB)
[   13.890552] sd 2:0:0:0: Attached scsi generic sg0 type 0
[   14.049404] sd 2:0:1:0: Attached scsi generic sg1 type 0
[   14.170960] sd 2:0:1:0: [sdb] 20480 512-byte logical blocks: (10.5 MB/10.0 MiB)
[   14.170961] sd 2:0:0:0: [sda] Write Protect is off
[   14.171098] sd 2:0:0:0: [sda] Incomplete mode parameter data
[   14.171099] sd 2:0:0:0: [sda] Assuming drive cache: write through
[   14.274732]  sda: sda1
[   14.276044] sd 2:0:0:0: [sda] Attached SCSI disk
[   14.542542] sd 2:0:1:0: [sdb] Write Protect is off
[   14.543257] sd 2:0:1:0: [sdb] Incomplete mode parameter data
[   14.544054] sd 2:0:1:0: [sdb] Assuming drive cache: write through
[   14.572429] sd 2:0:1:0: [sdb] Attached SCSI disk
Begin: Loading e[   16.074881] md: linear personality registered for level -1
ssential drivers ... [   16.203333] md: multipath personality registered for level -4
[   16.217598] md: raid0 personality registered for level 0
[   16.380195] md: raid1 personality registered for level 1
[   16.600255] raid6: sse2x1   gen() 11676 MB/s
[   16.900263] raid6: sse2x1   xor()  9415 MB/s
[   17.020270] raid6: sse2x2   gen() 15370 MB/s
[   17.160220] raid6: sse2x2   xor() 10388 MB/s
[   17.581285] raid6: sse2x4   gen() 16105 MB/s
[   18.001401] raid6: sse2x4   xor()  9846 MB/s
[   18.080210] raid6: avx2x1   gen() 24381 MB/s
[   18.217152] raid6: avx2x2   gen() 25998 MB/s
[   18.330256] raid6: avx2x4   gen() 31530 MB/s
[   18.405578] raid6: using algorithm avx2x4 gen() 31530 MB/s
[   18.920586] raid6: using avx2x2 recovery algorithm
[   19.092948] xor: automatically using best checksumming function:
[   19.169958]    avx       : 28602.000 MB/sec
[   19.201583] async_tx: api initialized (async)
[   19.210191] md: raid6 personality registered for level 6
[   19.216298] md: raid5 personality registered for level 5
[   19.220749] md: raid4 personality registered for level 4
[   19.226657] md: raid10 personality registered for level 10
done.
Begin: Running /scripts/init-premount ... done.
Begin: Mounting root file system ... Begin: Running /scripts/local-top ... done.
Begin: Running /scripts/local-premount ... [   19.289836] Btrfs loaded
Scanning for Btrfs filesystems
done.
Warning: fsck not present, so skipping root file[   19.406255] EXT4-fs (sda1): mounted filesystem with ordered data mode. Opts: (null)
 system
done.
Begin: Running /scripts/local-bottom ... done.
Begin: Running /scripts/init-bottom ... done.
[   19.953661] systemd[1]: systemd 229 running in system mode. (+PAM +AUDIT +SELINUX +IMA +APPARMOR +SMACK +SYSVINIT +UTMP +LIBCRYPTSETUP +GCRYPT +GNUTLS +ACL +XZ -LZ4 +SECCOMP +BLKID +ELFUTILS +KMOD -IDN)
[   19.963586] systemd[1]: Detected virtualization oracle.
[   20.114002] systemd[1]: Detected architecture x86-64.

Welcome to [1mUbuntu 16.04.5 LTS[0m!

[   20.273336] systemd[1]: Set hostname to <ubuntu>.
[   20.286027] systemd[1]: Initializing machine ID from random generator.
[   20.289738] systemd[1]: Installed transient /etc/machine-id file.
[   20.488632] random: nonblocking pool is initialized
[   20.858652] systemd[1]: Reached target Swap.
[[0;32m  OK  [0m] Reached target Swap.
[   .064 ste[1 Cat sceysem Sce

[[0;32m  OK  [0m] Created slice System Slice.
[  21.669474] systemd[1]: Started Trigger resolvconf upate for networkd DNS.
[[0;32m  OK  [0m] Started Trigger resolvconf update for networkd DNS.
[   22.078411] systemd[1]: Reached target User and Group Name Lookups.
[[0;32m  OK  [0m] Reached target User and Group Name Lookups.
[   22.080083] systemd[1]: Listening on LVM2 metadata dmosoet

[[0;32m  OK  [0m] Listening on LVM2 metadata daemon socket.
[ 22291]ystemd[1]: Reach tgeEncrypted Volus.
[[0;32m  OK  [0m] Reached target Encrypted Volumes.
[ 22017]ysmd]:reedli Ur d ssion Slice.

[[0;32m  OK  [0m] Created slice User and Session Slice.
[   23.469388] systemd[1]: Listening on udev Control Socket.
[[0;32m  OK  [0m] Listening on udev Control Socket.
[   23.471088] systemd[1]: Listening on Device-mapper event daemon FIFOs.
[[0;32m  OK  [0m] Listening on Device-mapper event daemon FIFOs.
[   23.473042] systemd[1]: Created slice system-serial\x2dgetty.slice.
[[0;32m  OK  [0m] Created slice system-serial\x2dgetty.slice.
[   23.613577] systemd[1]: Set up automot biarExutleilFoatFi SteAumot in

[[0;32m  OK  [0m] Set up automount Arbitrary Executab...ats File System Automount Point.
[   24.521148] systemd[1]: Listening on Journal Socket (/dev/log).
[[0;32m  OK  [0m] Listening on Journal Socket (/dev/log).
[ 24410]system[1]: Listening on LVM2 poll daemon socket.
[[0;32m  OK  [0m] Listening on LVM2 poll daemon socket.
[ 241785] std[: stinonoualoct.
[[0;32m  OK  [0m] Listening on Journal Socket.
[   25.589006] systemd[1]: Starting Load Kernel Modules...
         Starting Load Ke[   25.757778] Loading iSCSI transport class v2.0-870.
rnel Modules...
[   25.771680] systemd[1]: Mounting Huge Pages File System...
         Mounting Huge Pages File System...
[   25.773807] systemd[1]: Mounting Debug File System...
         Mounting Debug File System...
[   25.775805] systemd[1]: Starting Nameserver information manager...
         Starting Nameserver information manager...
[   25.778142] systemd[1]: Mounting POSIX Message Queue File System...
         Mounting POSIX Message Queue File System...
[   25.792314] systemd[1]: Starting Uncomplicated firewall...
         Starting Uncomplicated firewall...
[   26.095795] systemd[1]: Listening on udev Kernel Socket.
[[0;32m  OK  [0m] Listening on[   26.098187] iscsi: registered transport (tcp)
 udev Kernel Socket.
[   26.261346] systemd[1]: Listening on Syslog Socket.
[[0;32m  OK  [0m] Listening on Syslog Socket.
[   26.482712] iscsi: registered transport (iser)
[   26.537049] systemd[1]: Starting Monitoring of LVM2 mirrors, snapshots etc. using dmeventd or progress polling...
         Starting Monitoring of LVM2 mirrors... dmeventd or progress polling...
[   26.710946] systemd[1]: Started Forward Password Requests to Wall Directory Watch.
[[0;32m  OK  [0m] Started Forward Password Requests to Wall Directory Watch.
[   26.822115] systemd[1]: Reached target Slices.
[[0;32m  OK  [0m] Reached target Slices.
[   26.833087] systemd[1]: Starting Remount Root and Kernel File Systems...
[   26.835954] EXT4-fs (sda1): re-mounted. Opts: (null)
         Starting Remount Root and Kernel File Systems...
[   26.922342] systemd[1]: Starting Create list of required static device nodes for the current kernel...
         Starting Create list of required st... nodes for the current kernel...
[   27.324951] systemd[1]: Listening on Journal Audit Socket.
[[0;32m  OK  [0m] Listening on Journal Audit Socket.
[   27.373104] systemd[1]: Starting Journal Service...
         Starting Journal Service...
[   27.428579] systemd[1]: Listening on /dev/initctl Compatibility Named Pipe.
[[0;32m  OK  [0m] Listening on /dev/initctl Compatibility Named Pipe.
[   27.469139] systemd[1]: Starting Set console keymap...
         Starting Set console keymap...
[   27.740397] systemd[1]: Reached target System Time Synchronized.
[[0;32m  OK  [0m] Reached target System Time Synchronized.
[   28.062824] systemd[1]: Mounted Huge Pages File System.
[[0;32m  OK  [0m] Mounted Huge Pages File System.
[   28.231096] systemd[1]: Mounted Debug File System.
[[0;32m  OK  [0m] Mounted Debug File System.
[   28.232455] systemd[1]: Mounted POSIX Message Queue File System.
[[0;32m  OK  [0m] Mounted POSIX Message Queue File System.
[   28.234178] systemd[1]: Started Journal Service.
[[0;32m  OK  [0m] Started Journal Service.
[[0;32m  OK  [0m] Started Load Kernel Modules.
[[0;32m  OK  [0m] Started Uncomplicated firewall.
[[0;32m  OK  [0m] Started Remount Root and Kernel File Systems.
[[0;32m  OK  [0m] Started Create list of required sta...ce nodes for the current kernel.
[[0;32m  OK  [0m] Started Set console keymap.
[[0;32m  OK  [0m] Started Nameserver information manager.
[[0;32m  OK  [0m] Started LVM2 metadata daemon.
         Starting Create Static Device Nodes in /dev...
         Starting udev Coldplug all Devices...
         Starting Load/Save Random Seed...
         Starting Apply Kernel Variables...
         Mounting FUSE Control File System...
         Starting Flush Journal to Persistent Storage...
[[0;32m  OK  [0m] Mounted FUSE Control File System.
[[0;32m  OK  [0m] Started Create Static Device Nodes in /dev.
[[0;32m  OK  [0m] Started Load/Save Random Seed.
[[0;32m  OK  [0m] Started Apply Kernel Variables.
[[0;32m  OK  [0m] Started udev Coldplug all Devices.
         Starting udev Kernel Device Manager...
[[0;32m  OK  [0m] Started Monitoring of LVM2 mirrors,...ng dmeventd or progress polling.
[[0;32m  OK  [0m] Started Flush Journal to Persistent Storage.
[[0;32m  OK  [0m] Started udev Kernel Device Manager.
[[0;32m  OK  [0m] Started Dispatch Password Requests to Console Directory Watch.
[[0;32m  OK  [0m] Reached target Local File Systems (Pre).
[[0;32m  OK  [0m] Reached target Local File Systems.
         Starting LSB: AppArmor initialization...
         Starting Tell Plymouth To Write Out Runtime Data...
         Starting Create Volatile Files and Directories...
         Starting Initial cloud-init job (pre-networking)...
         Starting Commit a transient machine-id on disk...
         Starting Set console font and keymap...
[[0;32m  OK  [0m] Started Tell Plymouth To Write Out Runtime Data.
[[0;32m  OK  [0m] Started Create Volatile Files and Directories.
[[0;32m  OK  [0m] Started Commit a transient machine-id on disk.
         Starting Update UTMP about System Boot/Shutdown...
[[0;32m  OK  [0m] Found device /dev/ttyS0.
[[0;32m  OK  [0m] Listening on Load/Save RF Kill Switch Status /dev/rfkill Watch.
[[0;32m  OK  [0m] Started Update UTMP about System Boot/Shutdown.
[[0;32m  OK  [0m] Started LSB: AppArmor initialization.
[[0;32m  OK  [0m] Started Set console font and keymap.
[[0;32m  OK  [0m] Created slice system-getty.slice.
[   26.196479] cloud-init[481]: Cloud-init v. 18.4-0ubuntu1~16.04.2 running 'init-local' at Sat, 02 Mar 2019 10:46:20 +0000. Up 25.88 seconds.
[[0;32m  OK  [0m] Started Initial cloud-init job (pre-networking).
[[0;32m  OK  [0m] Reached target Network (Pre).
         Starting Raise network interfaces...
[[0;32m  OK  [0m] Started Raise network interfaces.
[[0;32m  OK  [0m] Reached target Network.
         Starting Initial cloud-init job (metadata service crawler)...
[   28.063535] cloud-init[935]: Cloud-init v. 18.4-0ubuntu1~16.04.2 running 'init' at Sat, 02 Mar 2019 10:46:21 +0000. Up 27.04 seconds.
[[0;32m  OK  [0m] Started Initial cloud-init job (metadata service crawler).
[[0;32m  OK  [0m] Reached target Network is Online.
[   28.116645] cloud-init[935]: ci-info: ++++++++++++++++++++++++++++++++++++++Net device info++++++++++++++++++++++++++++++++++++++
[   28.160224]          Starting iSCSI initiator daemon (iscsid)...
cloud-init[[0;32m  OK  [0m] Reached target Cloud-config availability.
[935]: ci-info: +--------+------+----------------------------+---------------+--------+-------------------+
[   28.167720] [[0;32m  OK  [0m] Reached target System Initialization.
cloud-init[[0;32m  OK  [0m] Started Daily Cleanup of Temporary Directories.
[935]: ci-info: | Device |  Up  |          Address           |      Mask     | Scope  |     Hw-Address    |
[   28.280851] [cloud-init[0;32m  OK  [0m[935]: ] ci-info: +--------+------+----------------------------+---------------+--------+-------------------+Listening on ACPID Listen Socket.

[   28.364815]          cloud-initStarting LXD - unix socket.[935]: 
ci-info: | enp0s3 | True |         10.0.2.15          | 255.255.255.0 | global | 02:47:ec:b6:72:35 |
[   28.464920]          cloud-initStarting Socket activation for snappy daemon.[935]: 
ci-info: | enp0s3 | True | fe80::47:ecff:feb6:7235/64 |       .       |  link  | 02:47:ec:b6:72:35 |
[   28.564814] cloud-init[935]: ci-info: |   lo   | True |         127.0.0.1          |   255.0.0.0   |  host  |         .         |
[[0;32m  OK  [0m] Started ACPI Events Check.
[[0;32m  OK  [0m] Reached target Paths.
[   28.566201] [[0;32m  OK  [0m] Listening on D-Bus System Message Bus Socket.
cloud-init[[0;32m  OK  [0m] Listening on UUID daemon activation socket.
[935]: ci-info: |   lo   | True |          ::1/128           |       .       |  host  |         .         |
[   28.704805] [cloud-init[0;32m  OK  [0m[935]: ] ci-info: +--------+------+----------------------------+---------------+--------+-------------------+Started Daily apt download activities.

[   28.816789] [cloud-init[0;32m  OK  [0m[935]: ] ci-info: +++++++++++++++++++++++++++Route IPv4 info++++++++++++++++++++++++++++Started Daily apt upgrade and clean activities.

[   28.932739] [cloud-init[0;32m  OK  [0m[935]: ] ci-info: +-------+-------------+----------+---------------+-----------+-------+Reached target Timers.

[   28.934051] cloud-init[935]: ci-info: | Route | Destination | Gateway  |    Genmask    | Interface | Flags |
[   29.004576] [cloud-init[0;32m  OK  [0m[935]: ] ci-info: +-------+-------------+----------+---------------+-----------+-------+Listening on LXD - unix socket.

[[0;32m  OK  [0m] Listening on Socket activation for snappy daemon.
[   29.005729] [[0;32m  OK  [0m] Started iSCSI initiator daemon (iscsid).
cloud-init[935]: ci-info: |   0   |   0.0.0.0   | 10.0.2.2 |    0.0.0.0    |   enp0s3  |   UG  |
[   29.168542] cloud-init[935]: ci-info: |   1   |   10.0.2.0  | 0.0.0.0  | 255.255.255.0 |   enp0s3  |   U   |
[   29.217172] cloud-init[935]: ci-info: +-------+-------------+----------+---------------+-----------+-------+
         Starting Login to default iSCSI targets...
[[0;32m  OK  [0m] Reached target Sockets.
[[0;32m  OK  [0m] Reached target Basic System.
[   29.243169] cloud-init[935]: ci-info: +++++++++++++++++++Route IPv6 info+++++++++++++++++++
         Starting LSB: MD monitoring daemon...
[   29.436953] cloud-init[935]: ci-info: +-------+-------------+---------+-----------+-------+
[   29.489695] cloud-init[935]: ci-info: | Route | Destination | Gateway | Interface | Flags |
[   29.490164] cloud-init[935]: ci-info: +-------+-------------+---------+-----------+-------+
[   29.490357] cloud-init[935]: ci-info: |   0   |  fe80::/64  |    ::   |   enp0s3  |   U   |
[   29.490542] cloud-init[935]: ci-info: |   3   |   ff00::/8  |    ::   |   enp0s3  |   U   |
[   29.490728] cloud-init[935]: ci-info: +-------+-------------+---------+-----------+-------+
[   29.491293] cloud-init[935]: Generating public/private rsa key pair.
[   29.491666] cloud-init[935]: Your identification has been saved in /etc/ssh/ssh_host_rsa_key.
[   29.491859] cloud-init[935]: Your public key has been saved in /etc/ssh/ssh_host_rsa_key.pub.
[   29.492195] cloud-init         [935]: Starting Snappy daemon...The key fingerprint is:

[   29.492266] cloud-init[935]: SHA256:u4eQj0AGC8PsUZWAPmz2MRoz7eq5DNCS89NU/mJBdWM root@ubuntu-xenial
[   29.796936] cloud-init[935]: The key's randomart image is:
[   29.844827] cloud-init[935]: +---[RSA 2048]----+
         Starting LXD - container startup/shutdown...[   29.845000] 
cloud-init[935]: |o ooo.. . E      |
[   29.871485] cloud-init[935]: |o=.  . . o .     |
[[   29.871650] cloud-init[935]: |+ooo  o          |
[0;32m  OK  [0m] Started Unattended Upgrades Shutdown.
[   29.871773] cloud-init[935]: | &.+o+           |
[   29.917546] cloud-init[935]: |B Xo+ o.S        |
[   29.917723] cloud-init[935]: |.= =. oo .       |
[   29.917823] cloud-init[935]: |. + ..o+o.       |
[   29.917913] cloud-init[935]: |o... ...o..      |
[   29.918004] cloud-init[935]: |.=.     ..       |
[   29.918106] cloud-init[935]: +----[SHA256]-----+
         Starting /etc/rc.local Compatibility...
[   29.918199] cloud-init[935]: Generating public/private dsa key pair.
[   29.996917] cloud-init[935]: Your identification has been saved in /etc/ssh/ssh_host_dsa_key.
         [   29.997082] cloud-init[935]: Your public key has been saved in /etc/ssh/ssh_host_dsa_key.pub.Starting Login Service...

[   29.997248] cloud-init[935]: The key fingerprint is:
[   30.009217] cloud-init[935]: SHA256:laLnyY/RpoVTMhzZeGfg7kIwhg2FHiUiRkfOWD6GP1g root@ubuntu-xenial
[   30.013031] cloud-init[935]: The key's randomart image is:
[   30.038438] cloud-init[935]: +---[DSA 1024]----+
[[   30.038610] cloud-init[935]: |ooo+o+o   .      |
[0;32m  OK  [0m] Started Regular background program processing daemon.
[   30.038796] cloud-init[935]: |..O.o=   = o     |
[   30.089212] cloud-init[935]: | o E..= = * o    |
         [   30.089733] cloud-init[935]: |  = o. = * o     |
Starting Accounts Service...
[   30.090145] cloud-init[935]: | . o  . S o      |
[   30.127488] cloud-init[935]: |    .  = O       |
[   30.128144] cloud-init[935]: |        O =      |
[   30.144271] cloud-init[935]: |         X       |
[   30.144462] cloud-init[935]: |        o .      |
[[0;32m  OK  [0m] Started Deferred execution scheduler.
[   30.144606] cloud-init[935]: +----[SHA256]-----+
[   30.195414] cloud-init[935]: Generating public/private ecdsa key pair.
[   30.196157] cloud-init[935]: Your identification has been saved in /etc/ssh/ssh_host_ecdsa_key.
[   30.197052] cloud-init[935]: Your public key has been saved in /etc/ssh/ssh_host_ecdsa_key.pub.
[   30.197928] cloud-init[935]: The key fingerprint is:
[   30.198545] cloud-init[935]: SHA256:lWFyKpbP6WhwfbhSe9BAxAbrxeqsZqIIq4zBqAspLKc root@ubuntu-xenial
[   30.199440] cloud-init[935]: The key's randomart image is:
[   30.200103] cloud-init[935]: +---[ECDSA 256]---+
[   30.200705] cloud-init[935]: |      .++ +      |
[   30.201301] cloud-init[935]: |       =o= o     |
[   30.201894] cloud-init[935]: |      =.= o      |
[   30.202568] cloud-init[935]: |     o B *       |
[   30.203164] cloud-init[935]: |    . + S o      |
[   30.203760] cloud-init[935]: |+.   = + =       |
[   30.244195] cloud-init[935]: |Oo.   * + .      |
[   30.244383] cloud-init[935]: |X=. oo . .       |
[   30.244477] cloud-init[935]: |E+ +.            |
[   30.244565] cloud-init[935]: +----[SHA256]-----+
[   30.244655] cloud-init[935]: Generating public/private ed25519 key pair.
[   30.244747] cloud-init[935]: Your identification has been saved in /etc/ssh/ssh_host_ed25519_key.
[   30.244838] cloud-init[935]: Your public key has been saved in /etc/ssh/ssh_host_ed25519_key.pub.
[   30.244929] cloud-init[935]: The key fingerprint is:
[   30.245019] cloud-init[935]: SHA256:yws2flyiPGWb39wtqVUWrrtOWF6zN9ajzt1bOdbCBm4 root@ubuntu-xenial
[[0;32m  OK  [0m] Started ACPI event daemon.
[   30.245125] cloud-init[935]: The key's randomart image is:
[   30.276364]          Starting Pollinate to seed the pseudo random number generator...
cloud-init         Starting System Logging Service...
[935]: +--[ED25519 256]--+
[   30.293790] [[0;32m  OK  [0m] Started D-Bus System Message Bus.
cloud-init[935]: |                 |
[   30.322798] cloud-init[935]: |                 |
[   30.344777] cloud-init[935]: |               . |
[   30.396227] cloud-init[935]: |              . .|
[   30.408386]          Starting LSB: Record successful boot for GRUB...
cloud-init         Starting Virtualbox guest utils...
[[0;32m  OK  [0m] Started FUSE filesystem for LXC.
[[0;32m  OK  [0m] Started Snappy daemon.
[[0;32m  OK  [0m] Started System Logging Service.
[[0;32m  OK  [0m] Started LXD - container startup/shutdown.
[[0;32m  OK  [0m] Started /etc/rc.local Compatibility.
[935]: |        S   .. +o|
[   30.472783] cloud-init[935]: |       .+...+ooo*|
[   30.524250] cloud-init[935]: |     .+=o= .E+=X=|
         Starting Wait until snapd is fully seeded...
[   30.553412] cloud-init[935]: |     o+o=. +o+OoB|
[   30.605814] [[0;32m  OK  [0m] Started Wait until snapd is fully seeded.
cloud-init[935]: [[0;32m  OK  [0m] Started Login to default iSCSI targets.
|      .o... *Oo++|
[   30.607317] [[0;32m  OK  [0m] Started Login Service.
cloud-init[935]: +----[SHA256]-----+
[[0;32m  OK  [0m] Started LSB: MD monitoring daemon.
[[0;32m  OK  [0m] Started LSB: Record successful boot for GRUB.
         Starting Authenticate and Authorize Users to Run Privileged Tasks...
[[0;32m  OK  [0m] Reached target Remote File Systems (Pre).
[[0;32m  OK  [0m] Reached target Remote File Systems.
         Starting Permit User Sessions...
         Starting LSB: Set the CPU Frequency Scaling governor to "ondemand"...
         Starting LSB: automatic crash report generation...
         Starting LSB: daemon to balance interrupts for SMP systems...
         Starting Apply the settings specified in cloud-config...
[[0;32m  OK  [0m] Started Virtualbox guest utils.
[[0;32m  OK  [0m] Started Permit User Sessions.
[[0;32m  OK  [0m] Started Authenticate and Authorize Users to Run Privileged Tasks.
[[0;32m  OK  [0m] Started Accounts Service.
[[0;32m  OK  [0m] Started LSB: Set the CPU Frequency Scaling governor to "ondemand".
         Starting Terminate Plymouth Boot Screen...
         Starting Hold until boot process finishes up...
[[0;32m  OK  [0m] Started LSB: automatic crash report generation.
[[0;32m  OK  [0m] Started LSB: daemon to balance interrupts for SMP systems.
[[0;32m  OK  [0m] Started Terminate Plymouth Boot Screen.
[[0;32m  OK  [0m] Started Hold until boot process finishes up.
         Starting Set console scheme...
[[0;32m  OK  [0m] Started Serial Getty on ttyS0.
[[0;32m  OK  [0m] Started Getty on tty1.
[[0;32m  OK  [0m] Reached target Login Prompts.
[[0;32m  OK  [0m] Started Set console scheme.
[[0;32m  OK  [0m] Started Pollinate to seed the pseudo random number generator.
         Starting OpenBSD Secure Shell server...
[   31.210848] cloud-init[1208]: Generating locales (this might take a while)...
[[0;32m  OK  [0m] Started OpenBSD Secure Shell server.
[[0;32m  OK  [0m] Reached target Multi-User System.
[[0;32m  OK  [0m] Reached target Graphical Interface.
         Starting Update UTMP about System Runlevel Changes...
[[0;32m  OK  [0m] Started Update UTMP about System Runlevel Changes.
[[0;32m  OK  [0m] Created slice User Slice of vagrant.
         Starting User Manager for UID 1000...
[[0;32m  OK  [0m] Started Session 1 of user vagrant.
[[0;32m  OK  [0m] Started User Manager for UID 1000.
[   31.936453] cloud-init[1208]:   en_US.UTF-8... done
[   31.992411] cloud-init[1208]: Generation complete.
[   32.489454] cloud-init[1208]: Cloud-init v. 18.4-0ubuntu1~16.04.2 running 'modules:config' at Sat, 02 Mar 2019 10:46:25 +0000. Up 31.06 seconds.
[[0;32m  OK  [0m] Started Apply the settings specified in cloud-config.
         Starting Execute cloud user/final scripts...
ci-info: no authorized ssh keys fingerprints found for user ubuntu.
<14>Mar  2 10:46:27 ec2: 
<14>Mar  2 10:46:27 ec2: #############################################################
<14>Mar  2 10:46:27 ec2: -----BEGIN SSH HOST KEY FINGERPRINTS-----
<14>Mar  2 10:46:27 ec2: 1024 SHA256:laLnyY/RpoVTMhzZeGfg7kIwhg2FHiUiRkfOWD6GP1g root@ubuntu-xenial (DSA)
<14>Mar  2 10:46:27 ec2: 256 SHA256:lWFyKpbP6WhwfbhSe9BAxAbrxeqsZqIIq4zBqAspLKc root@ubuntu-xenial (ECDSA)
<14>Mar  2 10:46:27 ec2: 256 SHA256:yws2flyiPGWb39wtqVUWrrtOWF6zN9ajzt1bOdbCBm4 root@ubuntu-xenial (ED25519)
<14>Mar  2 10:46:27 ec2: 2048 SHA256:u4eQj0AGC8PsUZWAPmz2MRoz7eq5DNCS89NU/mJBdWM root@ubuntu-xenial (RSA)
<14>Mar  2 10:46:27 ec2: -----END SSH HOST KEY FINGERPRINTS-----
<14>Mar  2 10:46:27 ec2: #############################################################
-----BEGIN SSH HOST KEY KEYS-----
ecdsa-sha2-nistp256 AAAAE2VjZHNhLXNoYTItbmlzdHAyNTYAAAAIbmlzdHAyNTYAAABBBPuDE0U1sgnEKTII4EcIsqJ0DtE4GDB6/HJv1LjCBB/b4m/2Q44NDsSp/+OMnNTM296PDabeVsHHKI8bgcOUjHg= root@ubuntu-xenial
ssh-ed25519 AAAAC3NzaC1lZDI1NTE5AAAAIHJQec8pbfvFGWX83xCoSXpFE/+722aF4gEIYc+b1J1f root@ubuntu-xenial
ssh-rsa AAAAB3NzaC1yc2EAAAADAQABAAABAQCkt6WFi0l0AjEQKPFRnfEIVe2fKhtuq4e4qYCL0Awru17+zrjg1rDTz/8UfWuAYAadGGD2QzkVEN1JhLDQvbkD1oG0rRyVuL0XdAThsttylJKWQ2ePLhxfTED2FRC+94I7yL83u9BPX6ZkzuH3kTijndRtbZBngY7g6cScsdjJI/PrSBtyX+leA7rLqCN73xg2DcdcaI0S0SY8WtjW2lcbdqReE5C+5Cbg3nKJphqvAkA+l2Zsw6Ars8S7gZo7kdHXZKdHBSQ0Txts2HWJTfhKE7jeCptTDXL92H3Ap7IS/ZZR5UBPLXbK7J7fVLJw6z3kUhWkM88ORr07EQaC/FbN root@ubuntu-xenial
-----END SSH HOST KEY KEYS-----
         Stopping User Manager for UID 1000...
[[0;32m  OK  [0m] Stopped User Manager for UID 1000.
[[0;32m  OK  [0m] Removed slice User Slice of vagrant.
[   33.391405] cloud-init[1415]: Cloud-init v. 18.4-0ubuntu1~16.04.2 running 'modules:final' at Sat, 02 Mar 2019 10:46:27 +0000. Up 32.80 seconds.
[   33.403905] cloud-init[1415]: ci-info: no authorized ssh keys fingerprints found for user ubuntu.
[   33.416566] cloud-init[1415]: Cloud-init v. 18.4-0ubuntu1~16.04.2 finished at Sat, 02 Mar 2019 10:46:28 +0000. Datasource DataSourceNoCloud [seed=/dev/sdb][dsmode=net].  Up 33.38 seconds
[[0;32m  OK  [0m] Created slice User Slice of vagrant.
         Starting User Manager for UID 1000...
[[0;32m  OK  [0m] Started User Manager for UID 1000.
[[0;32m  OK  [0m] Started Execute cloud user/final scripts.
[[0;32m  OK  [0m] Started Session 2 of user vagrant.
[[0;32m  OK  [0m] Reached target Cloud-init target.

Ubuntu 16.04.5 LTS ubuntu1 ttyS0

ubuntu1 login: 